<?xml version="1.0" encoding="UTF-8"?>
<!-- Generated by org.testng.reporters.JUnitXMLReporter -->
<testsuite hostname="Home" ignored="0" name="Test" tests="3" failures="0" timestamp="03 Nov 2020 18:17:27 GMT" time="94.502" errors="0">
  <testcase name="feature" time="43.767" classname="com.cucumber.TestRunner.TestRunner"/>
  <testcase name="feature" time="24.004" classname="com.cucumber.TestRunner.TestRunner"/>
  <testcase name="feature" time="25.081" classname="com.cucumber.TestRunner.TestRunner"/>
</testsuite> <!-- Test -->
