<?xml version="1.0" encoding="UTF-8"?>
<testng-results skipped="0" failed="0" ignored="0" total="3" passed="3">
  <reporter-output>
  </reporter-output>
  <suite name="Suite" duration-ms="94502" started-at="2020-11-03T18:15:52Z" finished-at="2020-11-03T18:17:27Z">
    <groups>
    </groups>
    <test name="Test" duration-ms="94502" started-at="2020-11-03T18:15:52Z" finished-at="2020-11-03T18:17:27Z">
      <class name="com.cucumber.TestRunner.TestRunner">
        <test-method status="PASS" signature="setUpClass()[pri:0, instance:com.cucumber.TestRunner.TestRunner@83b407]" name="setUpClass" is-config="true" duration-ms="1187" started-at="2020-11-03T18:15:52Z" finished-at="2020-11-03T18:15:54Z">
          <reporter-output>
          </reporter-output>
        </test-method> <!-- setUpClass -->
        <test-method status="PASS" signature="feature(cucumber.api.testng.CucumberFeatureWrapper)[pri:0, instance:com.cucumber.TestRunner.TestRunner@83b407]" name="feature" duration-ms="43767" started-at="2020-11-03T18:15:54Z" data-provider="features" finished-at="2020-11-03T18:16:38Z">
          <params>
            <param index="0">
              <value>
                <![CDATA[Search and verify click on Title]]>
              </value>
            </param>
          </params>
          <reporter-output>
          </reporter-output>
        </test-method> <!-- feature -->
        <test-method status="PASS" signature="feature(cucumber.api.testng.CucumberFeatureWrapper)[pri:0, instance:com.cucumber.TestRunner.TestRunner@83b407]" name="feature" duration-ms="24004" started-at="2020-11-03T18:16:38Z" data-provider="features" finished-at="2020-11-03T18:17:02Z">
          <params>
            <param index="0">
              <value>
                <![CDATA[Search and verify click on Title]]>
              </value>
            </param>
          </params>
          <reporter-output>
          </reporter-output>
        </test-method> <!-- feature -->
        <test-method status="PASS" signature="feature(cucumber.api.testng.CucumberFeatureWrapper)[pri:0, instance:com.cucumber.TestRunner.TestRunner@83b407]" name="feature" duration-ms="25081" started-at="2020-11-03T18:17:02Z" data-provider="features" finished-at="2020-11-03T18:17:27Z">
          <params>
            <param index="0">
              <value>
                <![CDATA[Youtube Search Test]]>
              </value>
            </param>
          </params>
          <reporter-output>
          </reporter-output>
        </test-method> <!-- feature -->
        <test-method status="PASS" signature="tearDownClass()[pri:0, instance:com.cucumber.TestRunner.TestRunner@83b407]" name="tearDownClass" is-config="true" duration-ms="133" started-at="2020-11-03T18:17:27Z" finished-at="2020-11-03T18:17:27Z">
          <reporter-output>
          </reporter-output>
        </test-method> <!-- tearDownClass -->
      </class> <!-- com.cucumber.TestRunner.TestRunner -->
    </test> <!-- Test -->
  </suite> <!-- Suite -->
</testng-results>
