<?xml version="1.0" encoding="UTF-8"?>
<testsuite xmlns:xsi="http://www.w3.org/2001/XMLSchema-instance" xsi:noNamespaceSchemaLocation="https://maven.apache.org/surefire/maven-surefire-plugin/xsd/surefire-test-report-3.0.xsd" version="3.0" name="TestSuite" time="92.173" tests="2" errors="0" skipped="0" failures="0">
  <properties>
[...]
</properties>
  <testcase name="feature[Search and verify click on Title](1)" classname="com.cucumber.TestRunner.TestRunner" time="61.287">
    <system-out><![CDATA[@Sanity
Feature: Search and verify click on Title

  Scenario Outline: Search and verify click on Title # SearchCriteria.feature:3
    Given Launch browser and enter url
    When Enter searching "<Search>" criteria
    And Click on channel link
    Then Validate channel name
    Then Close browser

    Examples: 

  @Sanity
  Scenario Outline: Search and verify click on Title      # SearchCriteria.feature:11
    Given Launch browser and enter url                    # SearchCriteriaClass.launch_browser_and_enter_url()
    When Enter searching "cucumber architecture" criteria # SearchCriteriaClass.enter_searching_criteria(String)
    And Click on channel link                             # SearchCriteriaClass.click_on_channel_link()
    Then Validate channel name                            # SearchCriteriaClass.validate_channel_name()
    Then Close browser                                    # SearchCriteriaClass.close_browser()

  @Sanity
  Scenario Outline: Search and verify click on Title      # SearchCriteria.feature:12
    Given Launch browser and enter url                    # SearchCriteriaClass.launch_browser_and_enter_url()
    When Enter searching "cucumber architecture" criteria # SearchCriteriaClass.enter_searching_criteria(String)
    And Click on channel link                             # SearchCriteriaClass.click_on_channel_link()
    Then Validate channel name                            # SearchCriteriaClass.validate_channel_name()
    Then Close browser                                    # SearchCriteriaClass.close_browser()
]]></system-out>
    <system-err><![CDATA[Starting ChromeDriver 87.0.4280.20 (c99e81631faa0b2a448e658c0dbd8311fb04ddbd-refs/branch-heads/4280@{#355}) on port 2139
Only local connections are allowed.
Please see https://chromedriver.chromium.org/security-considerations for suggestions on keeping ChromeDriver safe.
ChromeDriver was started successfully.
Oct 29, 2020 10:48:01 AM org.openqa.selenium.remote.ProtocolHandshake createSession
INFO: Detected dialect: W3C
Starting ChromeDriver 87.0.4280.20 (c99e81631faa0b2a448e658c0dbd8311fb04ddbd-refs/branch-heads/4280@{#355}) on port 26242
Only local connections are allowed.
Please see https://chromedriver.chromium.org/security-considerations for suggestions on keeping ChromeDriver safe.
ChromeDriver was started successfully.
Oct 29, 2020 10:48:25 AM org.openqa.selenium.remote.ProtocolHandshake createSession
INFO: Detected dialect: W3C
]]></system-err>
  </testcase>
  <testcase name="feature[Youtube Search Test](2)" classname="com.cucumber.TestRunner.TestRunner" time="27.568">
    <system-out><![CDATA[@Sanity
Feature: Youtube Search Test

  Scenario: Youtube Search Positive Test    # SearchTest.feature:3
    Given Open chrome browser and enter url # SearchClass.open_chrome_browser_and_enter_url()
    When Enter search criteria              # SearchClass.enter_search_criteria()
    Then Click on search button             # SearchClass.click_on_search_button()
]]></system-out>
    <system-err><![CDATA[Starting ChromeDriver 87.0.4280.20 (c99e81631faa0b2a448e658c0dbd8311fb04ddbd-refs/branch-heads/4280@{#355}) on port 11689
Only local connections are allowed.
Please see https://chromedriver.chromium.org/security-considerations for suggestions on keeping ChromeDriver safe.
ChromeDriver was started successfully.
Oct 29, 2020 10:48:53 AM org.openqa.selenium.remote.ProtocolHandshake createSession
INFO: Detected dialect: W3C
]]></system-err>
  </testcase>
</testsuite>