<?xml version="1.0" encoding="UTF-8"?>
<testsuite xmlns:xsi="http://www.w3.org/2001/XMLSchema-instance" xsi:noNamespaceSchemaLocation="https://maven.apache.org/surefire/maven-surefire-plugin/xsd/surefire-test-report-3.0.xsd" version="3.0" name="TestSuite" time="96.36" tests="3" errors="0" skipped="0" failures="0">
  <properties>
[...]
</properties>
  <testcase name="feature[Search and verify click on Title](1)" classname="com.cucumber.TestRunner.TestRunner" time="43.908">
    <system-out><![CDATA[@Sanity1
Feature: Search and verify click on Title

  Scenario Outline: Search and verify click on Title # SearchCriteria.feature:4
    Given Launch browser and enter url
    When Enter searching "<Search>" criteria
    And Click on channel link
    Then Validate channel name

    Examples: 

  @Sanity1
  Scenario Outline: Search and verify click on Title      # SearchCriteria.feature:12
    Given Launch browser and enter url                    # SearchCriteriaClass.launch_browser_and_enter_url()
    When Enter searching "cucumber architecture" criteria # SearchCriteriaClass.enter_searching_criteria(String)
    And Click on channel link                             # SearchCriteriaClass.click_on_channel_link()
    Then Validate channel name                            # SearchCriteriaClass.validate_channel_name()

  @Sanity1
  Scenario Outline: Search and verify click on Title      # SearchCriteria.feature:13
    Given Launch browser and enter url                    # SearchCriteriaClass.launch_browser_and_enter_url()
    When Enter searching "cucumber architecture" criteria # SearchCriteriaClass.enter_searching_criteria(String)
    And Click on channel link                             # SearchCriteriaClass.click_on_channel_link()
    Then Validate channel name                            # SearchCriteriaClass.validate_channel_name()
]]></system-out>
    <system-err><![CDATA[Starting ChromeDriver 87.0.4280.20 (c99e81631faa0b2a448e658c0dbd8311fb04ddbd-refs/branch-heads/4280@{#355}) on port 17180
Only local connections are allowed.
Please see https://chromedriver.chromium.org/security-considerations for suggestions on keeping ChromeDriver safe.
ChromeDriver was started successfully.
Nov 03, 2020 11:46:01 PM org.openqa.selenium.remote.ProtocolHandshake createSession
INFO: Detected dialect: W3C
Starting ChromeDriver 87.0.4280.20 (c99e81631faa0b2a448e658c0dbd8311fb04ddbd-refs/branch-heads/4280@{#355}) on port 15294
Only local connections are allowed.
Please see https://chromedriver.chromium.org/security-considerations for suggestions on keeping ChromeDriver safe.
ChromeDriver was started successfully.
Nov 03, 2020 11:46:23 PM org.openqa.selenium.remote.ProtocolHandshake createSession
INFO: Detected dialect: W3C
]]></system-err>
  </testcase>
  <testcase name="feature[Search and verify click on Title](2)" classname="com.cucumber.TestRunner.TestRunner" time="23.901">
    <system-out><![CDATA[@Search
Feature: Search and verify click on Title

  Scenario: Search and verify click on Title    # SearchCriteria2.feature:4
    Given Launch browser and enter appsite      # SearchCriteria2.launch_browser_and_enter_appsite()
    When Enter searching criteria               # SearchCriteria2.enter_searching_criteria(DataTable)
    And Click on channel button                 # SearchCriteria2.click_on_channel_button()
    Then Validate channel name with actual name # SearchCriteria2.validate_channel_name_with_actual_name()
]]></system-out>
    <system-err><![CDATA[Starting ChromeDriver 87.0.4280.20 (c99e81631faa0b2a448e658c0dbd8311fb04ddbd-refs/branch-heads/4280@{#355}) on port 38552
Only local connections are allowed.
Please see https://chromedriver.chromium.org/security-considerations for suggestions on keeping ChromeDriver safe.
ChromeDriver was started successfully.
Nov 03, 2020 11:46:44 PM org.openqa.selenium.remote.ProtocolHandshake createSession
INFO: Detected dialect: W3C
]]></system-err>
  </testcase>
  <testcase name="feature[Youtube Search Test](3)" classname="com.cucumber.TestRunner.TestRunner" time="25.058">
    <system-out><![CDATA[@Sanity
Feature: Youtube Search Test

  Scenario: Youtube Search Positive Test    # SearchTest.feature:4
    Given Open chrome browser and enter url # SearchClass.open_chrome_browser_and_enter_url()
    When Enter search criteria              # SearchClass.enter_search_criteria()
    Then Click on search button             # SearchClass.click_on_search_button()
]]></system-out>
    <system-err><![CDATA[Starting ChromeDriver 87.0.4280.20 (c99e81631faa0b2a448e658c0dbd8311fb04ddbd-refs/branch-heads/4280@{#355}) on port 27717
Only local connections are allowed.
Please see https://chromedriver.chromium.org/security-considerations for suggestions on keeping ChromeDriver safe.
ChromeDriver was started successfully.
Nov 03, 2020 11:47:07 PM org.openqa.selenium.remote.ProtocolHandshake createSession
INFO: Detected dialect: W3C
]]></system-err>
  </testcase>
</testsuite>